  正在清理远程项目目录
  正在验证源
  正在将源远程复制到“192.168.127.129”
  正在验证体系结构
  正在验证体系结构
  正在启动远程生成
  正在编译源:
  enc.c
C:\Users\redqx\Desktop\dqx\github\Repositories\vs2019\RATServer\v1\enc.c(17,22): warning : implicit declaration of function ‘malloc’ [-Wimplicit-function-declaration]
C:\Users\redqx\Desktop\dqx\github\Repositories\vs2019\RATServer\v1\enc.c(17,22): warning :    17 |     char* tmpAlloc = malloc(64);
C:\Users\redqx\Desktop\dqx\github\Repositories\vs2019\RATServer\v1\enc.c(17,22): warning :       |                      ^~~~~~
C:\Users\redqx\Desktop\dqx\github\Repositories\vs2019\RATServer\v1\enc.c(4,1): message : include ‘<stdlib.h>’ or provide a declaration of ‘malloc’
C:\Users\redqx\Desktop\dqx\github\Repositories\vs2019\RATServer\v1\enc.c(4,1): message :     3 | #include <stdio.h>
C:\Users\redqx\Desktop\dqx\github\Repositories\vs2019\RATServer\v1\enc.c(4,1): message :   +++ |+#include <stdlib.h>
C:\Users\redqx\Desktop\dqx\github\Repositories\vs2019\RATServer\v1\enc.c(4,1): message :     4 |
C:\Users\redqx\Desktop\dqx\github\Repositories\vs2019\RATServer\v1\enc.c(17,22): warning : incompatible implicit declaration of built-in function ‘malloc’ [-Wbuiltin-declaration-mismatch]
C:\Users\redqx\Desktop\dqx\github\Repositories\vs2019\RATServer\v1\enc.c(17,22): warning :    17 |     char* tmpAlloc = malloc(64);
C:\Users\redqx\Desktop\dqx\github\Repositories\vs2019\RATServer\v1\enc.c(17,22): warning :       |                      ^~~~~~
C:\Users\redqx\Desktop\dqx\github\Repositories\vs2019\RATServer\v1\enc.c(17,22): message : include ‘<stdlib.h>’ or provide a declaration of ‘malloc’
C:\Users\redqx\Desktop\dqx\github\Repositories\vs2019\RATServer\v1\enc.c(20,17): warning : implicit declaration of function ‘rand’ [-Wimplicit-function-declaration]
C:\Users\redqx\Desktop\dqx\github\Repositories\vs2019\RATServer\v1\enc.c(20,17): warning :    20 |         tmp32 = rand();
C:\Users\redqx\Desktop\dqx\github\Repositories\vs2019\RATServer\v1\enc.c(20,17): warning :       |                 ^~~~
C:\Users\redqx\Desktop\dqx\github\Repositories\vs2019\RATServer\v1\enc.c(22,9): warning : implicit declaration of function ‘memcpy’ [-Wimplicit-function-declaration]
C:\Users\redqx\Desktop\dqx\github\Repositories\vs2019\RATServer\v1\enc.c(22,9): warning :    22 |         memcpy(tmpAlloc + i * 4, &tmp32, 4);
C:\Users\redqx\Desktop\dqx\github\Repositories\vs2019\RATServer\v1\enc.c(22,9): warning :       |         ^~~~~~
C:\Users\redqx\Desktop\dqx\github\Repositories\vs2019\RATServer\v1\enc.c(4,1): message : include ‘<string.h>’ or provide a declaration of ‘memcpy’
C:\Users\redqx\Desktop\dqx\github\Repositories\vs2019\RATServer\v1\enc.c(4,1): message :     3 | #include <stdio.h>
C:\Users\redqx\Desktop\dqx\github\Repositories\vs2019\RATServer\v1\enc.c(4,1): message :   +++ |+#include <string.h>
C:\Users\redqx\Desktop\dqx\github\Repositories\vs2019\RATServer\v1\enc.c(4,1): message :     4 |
C:\Users\redqx\Desktop\dqx\github\Repositories\vs2019\RATServer\v1\enc.c(22,9): warning : incompatible implicit declaration of built-in function ‘memcpy’ [-Wbuiltin-declaration-mismatch]
C:\Users\redqx\Desktop\dqx\github\Repositories\vs2019\RATServer\v1\enc.c(22,9): warning :    22 |         memcpy(tmpAlloc + i * 4, &tmp32, 4);
C:\Users\redqx\Desktop\dqx\github\Repositories\vs2019\RATServer\v1\enc.c(22,9): warning :       |         ^~~~~~
C:\Users\redqx\Desktop\dqx\github\Repositories\vs2019\RATServer\v1\enc.c(22,9): message : include ‘<string.h>’ or provide a declaration of ‘memcpy’
C:\Users\redqx\Desktop\dqx\github\Repositories\vs2019\RATServer\v1\enc.c(53,17): warning : conversion to ‘int’ from ‘unsigned int’ may change the sign of the result [-Wsign-conversion]
C:\Users\redqx\Desktop\dqx\github\Repositories\vs2019\RATServer\v1\enc.c(53,17): warning :    53 |     int round = len / 8;
C:\Users\redqx\Desktop\dqx\github\Repositories\vs2019\RATServer\v1\enc.c(53,17): warning :       |                 ^~~
C:\Users\redqx\Desktop\dqx\github\Repositories\vs2019\RATServer\v1\enc.c(63,19): warning : passing argument 1 of ‘lp_func’ from incompatible pointer type [-Wincompatible-pointer-types]
C:\Users\redqx\Desktop\dqx\github\Repositories\vs2019\RATServer\v1\enc.c(63,19): warning :    63 |         lp_func(c + i * 8, k);
C:\Users\redqx\Desktop\dqx\github\Repositories\vs2019\RATServer\v1\enc.c(63,19): warning :       |                 ~~^~~~~~~
C:\Users\redqx\Desktop\dqx\github\Repositories\vs2019\RATServer\v1\enc.c(63,19): warning :       |                   |
C:\Users\redqx\Desktop\dqx\github\Repositories\vs2019\RATServer\v1\enc.c(63,19): warning :       |                   char *
C:\Users\redqx\Desktop\dqx\github\Repositories\vs2019\RATServer\v1\enc.c(63,19): message : expected ‘unsigned int *’ but argument is of type ‘char *’
C:\Users\redqx\Desktop\dqx\github\Repositories\vs2019\RATServer\v1\enc.c(63,28): warning : passing argument 2 of ‘lp_func’ from incompatible pointer type [-Wincompatible-pointer-types]
C:\Users\redqx\Desktop\dqx\github\Repositories\vs2019\RATServer\v1\enc.c(63,28): warning :    63 |         lp_func(c + i * 8, k);
C:\Users\redqx\Desktop\dqx\github\Repositories\vs2019\RATServer\v1\enc.c(63,28): warning :       |                            ^
C:\Users\redqx\Desktop\dqx\github\Repositories\vs2019\RATServer\v1\enc.c(63,28): warning :       |                            |
C:\Users\redqx\Desktop\dqx\github\Repositories\vs2019\RATServer\v1\enc.c(63,28): warning :       |                            char *
C:\Users\redqx\Desktop\dqx\github\Repositories\vs2019\RATServer\v1\enc.c(63,28): message : expected ‘unsigned int *’ but argument is of type ‘char *’
  file.c
C:\Users\redqx\Desktop\dqx\github\Repositories\vs2019\RATServer\v1\file.c(28,38): warning : conversion to ‘size_t’ {aka ‘long unsigned int’} from ‘long int’ may change the sign of the result [-Wsign-conversion]
C:\Users\redqx\Desktop\dqx\github\Repositories\vs2019\RATServer\v1\file.c(28,38): warning :    28 |     buffer = (char*)malloc(file_size + 256);
C:\Users\redqx\Desktop\dqx\github\Repositories\vs2019\RATServer\v1\file.c(28,38): warning :       |                            ~~~~~~~~~~^~~~~
C:\Users\redqx\Desktop\dqx\github\Repositories\vs2019\RATServer\v1\file.c(35,26): warning : conversion to ‘size_t’ {aka ‘long unsigned int’} from ‘long int’ may change the sign of the result [-Wsign-conversion]
C:\Users\redqx\Desktop\dqx\github\Repositories\vs2019\RATServer\v1\file.c(35,26): warning :    35 |     if (fread(buffer, 1, file_size, fd) != file_size) {
C:\Users\redqx\Desktop\dqx\github\Repositories\vs2019\RATServer\v1\file.c(35,26): warning :       |                          ^~~~~~~~~
C:\Users\redqx\Desktop\dqx\github\Repositories\vs2019\RATServer\v1\file.c(45,21): warning : conversion from ‘long int’ to ‘int’ may change value [-Wconversion]
C:\Users\redqx\Desktop\dqx\github\Repositories\vs2019\RATServer\v1\file.c(45,21): warning :    45 |     *argc_fileLen = file_size;
C:\Users\redqx\Desktop\dqx\github\Repositories\vs2019\RATServer\v1\file.c(45,21): warning :       |                     ^~~~~~~~~
  http.c
C:\Users\redqx\Desktop\dqx\github\Repositories\vs2019\RATServer\v1\http.c(13,28): warning : conversion to ‘size_t’ {aka ‘long unsigned int’} from ‘long int’ may change the sign of the result [-Wsign-conversion]
C:\Users\redqx\Desktop\dqx\github\Repositories\vs2019\RATServer\v1\http.c(13,28): warning :    13 |         size_t param_len = equal_sign - param_str;
C:\Users\redqx\Desktop\dqx\github\Repositories\vs2019\RATServer\v1\http.c(13,28): warning :       |                            ^~~~~~~~~~
C:\Users\redqx\Desktop\dqx\github\Repositories\vs2019\RATServer\v1\http.c(13,16): warning : unused variable ‘param_len’ [-Wunused-variable]
C:\Users\redqx\Desktop\dqx\github\Repositories\vs2019\RATServer\v1\http.c(13,16): warning :    13 |         size_t param_len = equal_sign - param_str;
C:\Users\redqx\Desktop\dqx\github\Repositories\vs2019\RATServer\v1\http.c(13,16): warning :       |                ^~~~~~~~~
C:\Users\redqx\Desktop\dqx\github\Repositories\vs2019\RATServer\v1\http.c(62,31): warning : conversion to ‘size_t’ {aka ‘long unsigned int’} from ‘int’ may change the sign of the result [-Wsign-conversion]
C:\Users\redqx\Desktop\dqx\github\Repositories\vs2019\RATServer\v1\http.c(62,31): warning :    62 |     tmpAlloc = malloc(datalen + paddingLen);
C:\Users\redqx\Desktop\dqx\github\Repositories\vs2019\RATServer\v1\http.c(62,31): warning :       |                       ~~~~~~~~^~~~~~~~~~~~
C:\Users\redqx\Desktop\dqx\github\Repositories\vs2019\RATServer\v1\http.c(63,28): warning : conversion to ‘size_t’ {aka ‘long unsigned int’} from ‘int’ may change the sign of the result [-Wsign-conversion]
C:\Users\redqx\Desktop\dqx\github\Repositories\vs2019\RATServer\v1\http.c(63,28): warning :    63 |     memcpy(tmpAlloc, data, datalen);
C:\Users\redqx\Desktop\dqx\github\Repositories\vs2019\RATServer\v1\http.c(63,28): warning :       |                            ^~~~~~~
C:\Users\redqx\Desktop\dqx\github\Repositories\vs2019\RATServer\v1\http.c(64,44): warning : conversion to ‘size_t’ {aka ‘long unsigned int’} from ‘int’ may change the sign of the result [-Wsign-conversion]
C:\Users\redqx\Desktop\dqx\github\Repositories\vs2019\RATServer\v1\http.c(64,44): warning :    64 |     memset(tmpAlloc + datalen, paddingLen, paddingLen);
C:\Users\redqx\Desktop\dqx\github\Repositories\vs2019\RATServer\v1\http.c(64,44): warning :       |                                            ^~~~~~~~~~
C:\Users\redqx\Desktop\dqx\github\Repositories\vs2019\RATServer\v1\http.c(58,9): warning : unused variable ‘i’ [-Wunused-variable]
C:\Users\redqx\Desktop\dqx\github\Repositories\vs2019\RATServer\v1\http.c(58,9): warning :    58 |     int i;
C:\Users\redqx\Desktop\dqx\github\Repositories\vs2019\RATServer\v1\http.c(58,9): warning :       |         ^
C:\Users\redqx\Desktop\dqx\github\Repositories\vs2019\RATServer\v1\http.c(80,26): warning : conversion from ‘size_t’ {aka ‘long unsigned int’} to ‘int’ may change value [-Wconversion]
C:\Users\redqx\Desktop\dqx\github\Repositories\vs2019\RATServer\v1\http.c(80,26): warning :    80 |     n2=pkcs5Padding(buf, n, 8,&buf2);
C:\Users\redqx\Desktop\dqx\github\Repositories\vs2019\RATServer\v1\http.c(80,26): warning :       |                          ^
C:\Users\redqx\Desktop\dqx\github\Repositories\vs2019\RATServer\v1\http.c(81,24): warning : conversion to ‘unsigned int’ from ‘int’ may change the sign of the result [-Wsign-conversion]
C:\Users\redqx\Desktop\dqx\github\Repositories\vs2019\RATServer\v1\http.c(81,24): warning :    81 |     xxtea(buf2, Key16, n2, 0);
C:\Users\redqx\Desktop\dqx\github\Repositories\vs2019\RATServer\v1\http.c(81,24): warning :       |                        ^~
C:\Users\redqx\Desktop\dqx\github\Repositories\vs2019\RATServer\v1\http.c(83,52): warning : conversion to ‘long unsigned int’ from ‘int’ may change the sign of the result [-Wsign-conversion]
C:\Users\redqx\Desktop\dqx\github\Repositories\vs2019\RATServer\v1\http.c(83,52): warning :    83 |     dataSend = malloc(sizeof(httpHead200) + 4 + 16 + n2);
C:\Users\redqx\Desktop\dqx\github\Repositories\vs2019\RATServer\v1\http.c(83,52): warning :       |                                                    ^
C:\Users\redqx\Desktop\dqx\github\Repositories\vs2019\RATServer\v1\http.c(87,63): warning : conversion to ‘size_t’ {aka ‘long unsigned int’} from ‘int’ may change the sign of the result [-Wsign-conversion]
C:\Users\redqx\Desktop\dqx\github\Repositories\vs2019\RATServer\v1\http.c(87,63): warning :    87 |     memcpy(dataSend + sizeof(httpHead200) - 1 + 4 + 16, buf2, n2);
C:\Users\redqx\Desktop\dqx\github\Repositories\vs2019\RATServer\v1\http.c(87,63): warning :       |                                                               ^~
C:\Users\redqx\Desktop\dqx\github\Repositories\vs2019\RATServer\v1\http.c(89,78): warning : conversion to ‘long unsigned int’ from ‘int’ may change the sign of the result [-Wsign-conversion]
C:\Users\redqx\Desktop\dqx\github\Repositories\vs2019\RATServer\v1\http.c(89,78): warning :    89 |     ssize_t bytes_sent = send(fd, dataSend, sizeof(httpHead200) - 1 + 4 + 16 + n2, flags);
C:\Users\redqx\Desktop\dqx\github\Repositories\vs2019\RATServer\v1\http.c(89,78): warning :       |                                                                              ^
C:\Users\redqx\Desktop\dqx\github\Repositories\vs2019\RATServer\v1\http.c(138,24): warning : ‘return’ with a value, in function returning void [-Wreturn-type]
C:\Users\redqx\Desktop\dqx\github\Repositories\vs2019\RATServer\v1\http.c(138,24): warning :   138 |                 return 1;
C:\Users\redqx\Desktop\dqx\github\Repositories\vs2019\RATServer\v1\http.c(138,24): warning :       |                        ^
C:\Users\redqx\Desktop\dqx\github\Repositories\vs2019\RATServer\v1\http.c(103,6): message : declared here
C:\Users\redqx\Desktop\dqx\github\Repositories\vs2019\RATServer\v1\http.c(103,6): message :   103 | void handle_request(int client_socket)
C:\Users\redqx\Desktop\dqx\github\Repositories\vs2019\RATServer\v1\http.c(103,6): message :       |      ^~~~~~~~~~~~~~
C:\Users\redqx\Desktop\dqx\github\Repositories\vs2019\RATServer\v1\http.c(146,45): warning : conversion to ‘size_t’ {aka ‘long unsigned int’} from ‘int’ may change the sign of the result [-Wsign-conversion]
C:\Users\redqx\Desktop\dqx\github\Repositories\vs2019\RATServer\v1\http.c(146,45): warning :   146 |             mm_send_enc(client_socket,  buf,n, 0, id);
C:\Users\redqx\Desktop\dqx\github\Repositories\vs2019\RATServer\v1\http.c(146,45): warning :       |                                             ^
  main.c
  正在链接对象
  v1.vcxproj -> C:\Users\redqx\Desktop\dqx\github\Repositories\vs2019\RATServer\v1\bin\x64\Debug\v1.out
