生成启动时间为 2023/12/28 16:35:51。
     1>项目“C:\Users\redqx\Desktop\dqx\demo_code\visual studio 2013\demo1\win1\win1.vcxproj”在节点 2 上(Rebuild 个目标)。
     1>ClCompile:
         C:\Program Files (x86)\Microsoft Visual Studio 12.0\VC\bin\CL.exe /c /ZI /nologo /W3 /WX- /sdl /Od /Oy- /D WIN32 /D _DEBUG /D _WINDOWS /D _UNICODE /D UNICODE /Gm /EHsc /RTC1 /MTd /GS /fp:precise /Zc:wchar_t /Zc:forScope /Yc"stdafx.h" /Fp"Debug\win1.pch" /Fo"Debug\\" /Fd"Debug\vc120.pdb" /Gd /TP /analyze- /errorReport:prompt stdafx.cpp
         stdafx.cpp
         C:\Program Files (x86)\Microsoft Visual Studio 12.0\VC\bin\CL.exe /c /ZI /nologo /W3 /WX- /sdl /Od /Oy- /D WIN32 /D _DEBUG /D _WINDOWS /D _UNICODE /D UNICODE /Gm /EHsc /RTC1 /MTd /GS /fp:precise /Zc:wchar_t /Zc:forScope /Fo"Debug\\" /Fd"Debug\vc120.pdb" /Gd /TC /analyze- /errorReport:prompt mm.c
         mm.c
     1>c:\users\redqx\desktop\dqx\demo_code\visual studio 2013\demo1\win1\mm.c(40): warning C4018: “<”: 有符号/无符号不匹配
     1>c:\users\redqx\desktop\dqx\demo_code\visual studio 2013\demo1\win1\mm.c(131): warning C4133: “=”: 从“_LIST_ENTRY *”到“LDR_DATA_TABLE_ENTRY *”的类型不兼容
     1>c:\users\redqx\desktop\dqx\demo_code\visual studio 2013\demo1\win1\mm.c(189): warning C4113: “FARPROC”和“TYPE_VirtualProtect”的参数列表不同
     1>c:\users\redqx\desktop\dqx\demo_code\visual studio 2013\demo1\win1\mm.c(190): warning C4113: “FARPROC”和“TYPE_VirtualProtect”的参数列表不同
     1>c:\users\redqx\desktop\dqx\demo_code\visual studio 2013\demo1\win1\mm.c(191): warning C4113: “FARPROC”和“TYPE_CreateThread”的参数列表不同
     1>c:\users\redqx\desktop\dqx\demo_code\visual studio 2013\demo1\win1\mm.c(191): warning C4047: “=”:“TYPE_CreateThread”与“FARPROC”的间接级别不同
     1>c:\users\redqx\desktop\dqx\demo_code\visual studio 2013\demo1\win1\mm.c(198): warning C4047: “函数”:“PDWORD”与“int”的间接级别不同
     1>c:\users\redqx\desktop\dqx\demo_code\visual studio 2013\demo1\win1\mm.c(198): warning C4024: “lp_VirtualAlloc”: 形参和实参 4 的类型不同
     1>c:\users\redqx\desktop\dqx\demo_code\visual studio 2013\demo1\win1\mm.c(222): warning C4047: “函数”:“SIZE_T”与“void *”的间接级别不同
     1>c:\users\redqx\desktop\dqx\demo_code\visual studio 2013\demo1\win1\mm.c(222): warning C4024: “lp_CreateThread”: 形参和实参 2 的类型不同
     1>c:\users\redqx\desktop\dqx\demo_code\visual studio 2013\demo1\win1\mm.c(225): warning C4047: “函数”:“DWORD”与“void *”的间接级别不同
     1>c:\users\redqx\desktop\dqx\demo_code\visual studio 2013\demo1\win1\mm.c(225): warning C4024: “lp_CreateThread”: 形参和实参 5 的类型不同
         C:\Program Files (x86)\Microsoft Visual Studio 12.0\VC\bin\CL.exe /c /ZI /nologo /W3 /WX- /sdl /Od /Oy- /D WIN32 /D _DEBUG /D _WINDOWS /D _UNICODE /D UNICODE /Gm /EHsc /RTC1 /MTd /GS /fp:precise /Zc:wchar_t /Zc:forScope /Fo"Debug\\" /Fd"Debug\vc120.pdb" /Gd /TP /analyze- /errorReport:prompt win1.cpp
         win1.cpp
       ResourceCompile:
         C:\Program Files (x86)\Windows Kits\8.1\bin\x86\rc.exe /D _UNICODE /D UNICODE /l"0x0409" /nologo /fo"Debug\win1.res" win1.rc 
       Link:
         C:\Program Files (x86)\Microsoft Visual Studio 12.0\VC\bin\link.exe /ERRORREPORT:PROMPT /OUT:"C:\Users\redqx\Desktop\dqx\demo_code\visual studio 2013\demo1\Debug\win1.exe" /INCREMENTAL /NOLOGO kernel32.lib user32.lib gdi32.lib winspool.lib comdlg32.lib advapi32.lib shell32.lib ole32.lib oleaut32.lib uuid.lib odbc32.lib odbccp32.lib /MANIFEST /MANIFESTUAC:"level='asInvoker' uiAccess='false'" /manifest:embed /DEBUG /PDB:"C:\Users\redqx\Desktop\dqx\demo_code\visual studio 2013\demo1\Debug\win1.pdb" /SUBSYSTEM:WINDOWS /TLBID:1 /DYNAMICBASE /NXCOMPAT /IMPLIB:"C:\Users\redqx\Desktop\dqx\demo_code\visual studio 2013\demo1\Debug\win1.lib" /MACHINE:X86 Debug\win1.res
         Debug\mm.obj
         Debug\stdafx.obj
         Debug\win1.obj
         win1.vcxproj -> C:\Users\redqx\Desktop\dqx\demo_code\visual studio 2013\demo1\Debug\win1.exe
     1>已完成生成项目“C:\Users\redqx\Desktop\dqx\demo_code\visual studio 2013\demo1\win1\win1.vcxproj”(Rebuild 个目标)的操作。

生成成功。

已用时间 00:00:00.92
